  main.c
C:\Users\Y Yakov\Documents\KPI\Algorithms and Data Structures\Lab3\main.c(40,62): warning C4244: '=': conversion from 'double' to 'int', possible loss of data
C:\Users\Y Yakov\Documents\KPI\Algorithms and Data Structures\Lab3\main.c(41,62): warning C4244: '=': conversion from 'double' to 'int', possible loss of data
C:\Users\Y Yakov\Documents\KPI\Algorithms and Data Structures\Lab3\main.c(50,58): warning C4047: 'function': 'LPCSTR' differs in levels of indirection from 'int'
C:\Users\Y Yakov\Documents\KPI\Algorithms and Data Structures\Lab3\main.c(50,55): warning C4024: 'TextOutA': different types for formal and actual parameter 4
C:\Users\Y Yakov\Documents\KPI\Algorithms and Data Structures\Lab3\main.c(62,64): warning C4244: '=': conversion from 'double' to 'float', possible loss of data
C:\Users\Y Yakov\Documents\KPI\Algorithms and Data Structures\Lab3\main.c(63,33): warning C4244: '=': conversion from 'float' to 'int', possible loss of data
C:\Users\Y Yakov\Documents\KPI\Algorithms and Data Structures\Lab3\main.c(64,33): warning C4244: '=': conversion from 'float' to 'int', possible loss of data
C:\Users\Y Yakov\Documents\KPI\Algorithms and Data Structures\Lab3\main.c(84,45): warning C4244: '=': conversion from 'float' to 'int', possible loss of data
C:\Users\Y Yakov\Documents\KPI\Algorithms and Data Structures\Lab3\main.c(85,48): warning C4244: '=': conversion from 'float' to 'int', possible loss of data
C:\Users\Y Yakov\Documents\KPI\Algorithms and Data Structures\Lab3\main.c(89,45): warning C4244: '=': conversion from 'float' to 'int', possible loss of data
C:\Users\Y Yakov\Documents\KPI\Algorithms and Data Structures\Lab3\main.c(90,41): warning C4244: '=': conversion from 'float' to 'int', possible loss of data
C:\Users\Y Yakov\Documents\KPI\Algorithms and Data Structures\Lab3\main.c(56,1): warning C4305: 'initializing': truncation from 'double' to 'float'
C:\Users\Y Yakov\Documents\KPI\Algorithms and Data Structures\Lab3\main.c(143,35): warning C4047: '=': 'HBRUSH' differs in levels of indirection from 'int'
C:\Users\Y Yakov\Documents\KPI\Algorithms and Data Structures\Lab3\main.c(189,75): warning C4047: 'function': 'int *' differs in levels of indirection from 'char *[12]'
C:\Users\Y Yakov\Documents\KPI\Algorithms and Data Structures\Lab3\main.c(189,73): warning C4024: 'generateNodes': different types for formal and actual parameter 10
C:\Users\Y Yakov\Documents\KPI\Algorithms and Data Structures\Lab3\main.c(193,61): warning C4047: 'function': 'int *' differs in levels of indirection from 'char *[12]'
C:\Users\Y Yakov\Documents\KPI\Algorithms and Data Structures\Lab3\main.c(193,59): warning C4024: 'drawNodes': different types for formal and actual parameter 8
C:\Users\Y Yakov\Documents\KPI\Algorithms and Data Structures\Lab3\main.c(196,77): warning C4047: 'function': 'int *' differs in levels of indirection from 'char *[12]'
C:\Users\Y Yakov\Documents\KPI\Algorithms and Data Structures\Lab3\main.c(196,75): warning C4024: 'generateNodes': different types for formal and actual parameter 10
C:\Users\Y Yakov\Documents\KPI\Algorithms and Data Structures\Lab3\main.c(200,63): warning C4047: 'function': 'int *' differs in levels of indirection from 'char *[12]'
C:\Users\Y Yakov\Documents\KPI\Algorithms and Data Structures\Lab3\main.c(200,61): warning C4024: 'drawNodes': different types for formal and actual parameter 8
  Lab3.vcxproj -> C:\Users\Y Yakov\Documents\KPI\Algorithms and Data Structures\Lab3\Debug\Lab3.exe
